<?xml version="1.0" encoding="UTF-8"?>
<testng-results ignored="0" total="1" passed="1" failed="0" skipped="0">
  <reporter-output>
  </reporter-output>
  <suite started-at="2023-12-08T01:48:55 IST" name="Default suite" finished-at="2023-12-08T01:48:57 IST" duration-ms="2516">
    <groups>
    </groups>
    <test started-at="2023-12-08T01:48:55 IST" name="Default test" finished-at="2023-12-08T01:48:57 IST" duration-ms="2516">
      <class name="Test_Assgnment">
        <test-method is-config="true" signature="setUp()[pri:0, instance:Test_Assgnment@5631962]" started-at="2023-12-08T01:48:55 IST" name="setUp" finished-at="2023-12-08T01:48:56 IST" duration-ms="1236" status="PASS">
          <reporter-output>
          </reporter-output>
        </test-method> <!-- setUp -->
        <test-method signature="Assignment()[pri:0, instance:Test_Assgnment@5631962]" started-at="2023-12-08T01:48:56 IST" name="Assignment" finished-at="2023-12-08T01:48:57 IST" duration-ms="989" status="PASS">
          <reporter-output>
          </reporter-output>
        </test-method> <!-- Assignment -->
        <test-method is-config="true" signature="tearDown()[pri:0, instance:Test_Assgnment@5631962]" started-at="2023-12-08T01:48:57 IST" name="tearDown" finished-at="2023-12-08T01:48:57 IST" duration-ms="250" status="PASS">
          <reporter-output>
          </reporter-output>
        </test-method> <!-- tearDown -->
      </class> <!-- Test_Assgnment -->
    </test> <!-- Default test -->
  </suite> <!-- Default suite -->
</testng-results>
